[2016-08-30 01:04:53] lumen.ERROR: InvalidArgumentException: There are no commands defined in the "key" namespace. in /home/hernandev/code/codecasts/slack-invite/vendor/symfony/console/Application.php:501
Stack trace:
#0 /home/hernandev/code/codecasts/slack-invite/vendor/symfony/console/Application.php(535): Symfony\Component\Console\Application->findNamespace('key')
#1 /home/hernandev/code/codecasts/slack-invite/vendor/symfony/console/Application.php(192): Symfony\Component\Console\Application->find('key:generate')
#2 /home/hernandev/code/codecasts/slack-invite/vendor/symfony/console/Application.php(126): Symfony\Component\Console\Application->doRun(Object(Symfony\Component\Console\Input\ArgvInput), Object(Symfony\Component\Console\Output\ConsoleOutput))
#3 /home/hernandev/code/codecasts/slack-invite/vendor/laravel/lumen-framework/src/Console/Kernel.php(75): Symfony\Component\Console\Application->run(Object(Symfony\Component\Console\Input\ArgvInput), Object(Symfony\Component\Console\Output\ConsoleOutput))
#4 /home/hernandev/code/codecasts/slack-invite/artisan(39): Laravel\Lumen\Console\Kernel->handle(Object(Symfony\Component\Console\Input\ArgvInput), Object(Symfony\Component\Console\Output\ConsoleOutput))
#5 {main}  
[2016-08-30 01:05:43] lumen.ERROR: RuntimeException: No supported encrypter found. The cipher and / or key length are invalid. in /var/www/app/vendor/illuminate/encryption/EncryptionServiceProvider.php:29
Stack trace:
#0 /var/www/app/vendor/illuminate/container/Container.php(733): Illuminate\Encryption\EncryptionServiceProvider->Illuminate\Encryption\{closure}(Object(Laravel\Lumen\Application), Array)
#1 /var/www/app/vendor/illuminate/container/Container.php(626): Illuminate\Container\Container->build(Object(Closure), Array)
#2 /var/www/app/vendor/laravel/lumen-framework/src/Application.php(413): Illuminate\Container\Container->make('encrypter', Array)
#3 /var/www/app/vendor/laravel/lumen-framework/src/Application.php(788): Laravel\Lumen\Application->make('encrypter')
#4 /var/www/app/vendor/laravel/lumen-framework/src/Application.php(543): Laravel\Lumen\Application->loadComponent('app', 'Illuminate\\Encr...', 'encrypter')
#5 /var/www/app/vendor/illuminate/container/Container.php(733): Laravel\Lumen\Application->Laravel\Lumen\{closure}(Object(Laravel\Lumen\Application), Array)
#6 /var/www/app/vendor/illuminate/container/Container.php(626): Illuminate\Container\Container->build(Object(Closure), Array)
#7 /var/www/app/vendor/laravel/lumen-framework/src/Application.php(413): Illuminate\Container\Container->make('encrypter', Array)
#8 /var/www/app/vendor/illuminate/container/Container.php(837): Laravel\Lumen\Application->make('Illuminate\\Cont...')
#9 /var/www/app/vendor/illuminate/container/Container.php(800): Illuminate\Container\Container->resolveClass(Object(ReflectionParameter))
#10 /var/www/app/vendor/illuminate/container/Container.php(769): Illuminate\Container\Container->getDependencies(Array, Array)
#11 /var/www/app/vendor/illuminate/container/Container.php(626): Illuminate\Container\Container->build('Illuminate\\Cook...', Array)
#12 /var/www/app/vendor/laravel/lumen-framework/src/Application.php(413): Illuminate\Container\Container->make('Illuminate\\Cook...', Array)
#13 /var/www/app/vendor/illuminate/pipeline/Pipeline.php(123): Laravel\Lumen\Application->make('Illuminate\\Cook...')
#14 [internal function]: Illuminate\Pipeline\Pipeline->Illuminate\Pipeline\{closure}(Object(Illuminate\Http\Request))
#15 /var/www/app/vendor/illuminate/pipeline/Pipeline.php(102): call_user_func(Object(Closure), Object(Illuminate\Http\Request))
#16 /var/www/app/vendor/laravel/lumen-framework/src/Application.php(1387): Illuminate\Pipeline\Pipeline->then(Object(Closure))
#17 /var/www/app/vendor/laravel/lumen-framework/src/Application.php(1164): Laravel\Lumen\Application->sendThroughPipeline(Array, Object(Closure))
#18 /var/www/app/vendor/laravel/lumen-framework/src/Application.php(1104): Laravel\Lumen\Application->dispatch(NULL)
#19 /var/www/app/public/index.php(28): Laravel\Lumen\Application->run()
#20 {main}  
[2016-08-30 01:05:43] lumen.ERROR: RuntimeException: No supported encrypter found. The cipher and / or key length are invalid. in /var/www/app/vendor/illuminate/encryption/EncryptionServiceProvider.php:29
Stack trace:
#0 /var/www/app/vendor/illuminate/container/Container.php(733): Illuminate\Encryption\EncryptionServiceProvider->Illuminate\Encryption\{closure}(Object(Laravel\Lumen\Application), Array)
#1 /var/www/app/vendor/illuminate/container/Container.php(626): Illuminate\Container\Container->build(Object(Closure), Array)
#2 /var/www/app/vendor/laravel/lumen-framework/src/Application.php(413): Illuminate\Container\Container->make('encrypter', Array)
#3 /var/www/app/vendor/illuminate/container/Container.php(837): Laravel\Lumen\Application->make('Illuminate\\Cont...')
#4 /var/www/app/vendor/illuminate/container/Container.php(800): Illuminate\Container\Container->resolveClass(Object(ReflectionParameter))
#5 /var/www/app/vendor/illuminate/container/Container.php(769): Illuminate\Container\Container->getDependencies(Array, Array)
#6 /var/www/app/vendor/illuminate/container/Container.php(626): Illuminate\Container\Container->build('Illuminate\\Cook...', Array)
#7 /var/www/app/vendor/laravel/lumen-framework/src/Application.php(413): Illuminate\Container\Container->make('Illuminate\\Cook...', Array)
#8 /var/www/app/vendor/laravel/lumen-framework/src/Application.php(1128): Laravel\Lumen\Application->make('Illuminate\\Cook...')
#9 /var/www/app/vendor/laravel/lumen-framework/src/Application.php(1113): Laravel\Lumen\Application->callTerminableMiddleware(Object(Symfony\Component\HttpFoundation\Response))
#10 /var/www/app/public/index.php(28): Laravel\Lumen\Application->run()
#11 {main}  
[2016-08-30 01:05:44] lumen.ERROR: RuntimeException: No supported encrypter found. The cipher and / or key length are invalid. in /var/www/app/vendor/illuminate/encryption/EncryptionServiceProvider.php:29
Stack trace:
#0 /var/www/app/vendor/illuminate/container/Container.php(733): Illuminate\Encryption\EncryptionServiceProvider->Illuminate\Encryption\{closure}(Object(Laravel\Lumen\Application), Array)
#1 /var/www/app/vendor/illuminate/container/Container.php(626): Illuminate\Container\Container->build(Object(Closure), Array)
#2 /var/www/app/vendor/laravel/lumen-framework/src/Application.php(413): Illuminate\Container\Container->make('encrypter', Array)
#3 /var/www/app/vendor/laravel/lumen-framework/src/Application.php(788): Laravel\Lumen\Application->make('encrypter')
#4 /var/www/app/vendor/laravel/lumen-framework/src/Application.php(543): Laravel\Lumen\Application->loadComponent('app', 'Illuminate\\Encr...', 'encrypter')
#5 /var/www/app/vendor/illuminate/container/Container.php(733): Laravel\Lumen\Application->Laravel\Lumen\{closure}(Object(Laravel\Lumen\Application), Array)
#6 /var/www/app/vendor/illuminate/container/Container.php(626): Illuminate\Container\Container->build(Object(Closure), Array)
#7 /var/www/app/vendor/laravel/lumen-framework/src/Application.php(413): Illuminate\Container\Container->make('encrypter', Array)
#8 /var/www/app/vendor/illuminate/container/Container.php(837): Laravel\Lumen\Application->make('Illuminate\\Cont...')
#9 /var/www/app/vendor/illuminate/container/Container.php(800): Illuminate\Container\Container->resolveClass(Object(ReflectionParameter))
#10 /var/www/app/vendor/illuminate/container/Container.php(769): Illuminate\Container\Container->getDependencies(Array, Array)
#11 /var/www/app/vendor/illuminate/container/Container.php(626): Illuminate\Container\Container->build('Illuminate\\Cook...', Array)
#12 /var/www/app/vendor/laravel/lumen-framework/src/Application.php(413): Illuminate\Container\Container->make('Illuminate\\Cook...', Array)
#13 /var/www/app/vendor/illuminate/pipeline/Pipeline.php(123): Laravel\Lumen\Application->make('Illuminate\\Cook...')
#14 [internal function]: Illuminate\Pipeline\Pipeline->Illuminate\Pipeline\{closure}(Object(Illuminate\Http\Request))
#15 /var/www/app/vendor/illuminate/pipeline/Pipeline.php(102): call_user_func(Object(Closure), Object(Illuminate\Http\Request))
#16 /var/www/app/vendor/laravel/lumen-framework/src/Application.php(1387): Illuminate\Pipeline\Pipeline->then(Object(Closure))
#17 /var/www/app/vendor/laravel/lumen-framework/src/Application.php(1164): Laravel\Lumen\Application->sendThroughPipeline(Array, Object(Closure))
#18 /var/www/app/vendor/laravel/lumen-framework/src/Application.php(1104): Laravel\Lumen\Application->dispatch(NULL)
#19 /var/www/app/public/index.php(28): Laravel\Lumen\Application->run()
#20 {main}  
[2016-08-30 01:05:44] lumen.ERROR: RuntimeException: No supported encrypter found. The cipher and / or key length are invalid. in /var/www/app/vendor/illuminate/encryption/EncryptionServiceProvider.php:29
Stack trace:
#0 /var/www/app/vendor/illuminate/container/Container.php(733): Illuminate\Encryption\EncryptionServiceProvider->Illuminate\Encryption\{closure}(Object(Laravel\Lumen\Application), Array)
#1 /var/www/app/vendor/illuminate/container/Container.php(626): Illuminate\Container\Container->build(Object(Closure), Array)
#2 /var/www/app/vendor/laravel/lumen-framework/src/Application.php(413): Illuminate\Container\Container->make('encrypter', Array)
#3 /var/www/app/vendor/illuminate/container/Container.php(837): Laravel\Lumen\Application->make('Illuminate\\Cont...')
#4 /var/www/app/vendor/illuminate/container/Container.php(800): Illuminate\Container\Container->resolveClass(Object(ReflectionParameter))
#5 /var/www/app/vendor/illuminate/container/Container.php(769): Illuminate\Container\Container->getDependencies(Array, Array)
#6 /var/www/app/vendor/illuminate/container/Container.php(626): Illuminate\Container\Container->build('Illuminate\\Cook...', Array)
#7 /var/www/app/vendor/laravel/lumen-framework/src/Application.php(413): Illuminate\Container\Container->make('Illuminate\\Cook...', Array)
#8 /var/www/app/vendor/laravel/lumen-framework/src/Application.php(1128): Laravel\Lumen\Application->make('Illuminate\\Cook...')
#9 /var/www/app/vendor/laravel/lumen-framework/src/Application.php(1113): Laravel\Lumen\Application->callTerminableMiddleware(Object(Symfony\Component\HttpFoundation\Response))
#10 /var/www/app/public/index.php(28): Laravel\Lumen\Application->run()
#11 {main}  
[2016-08-30 01:06:00] lumen.ERROR: RuntimeException: No supported encrypter found. The cipher and / or key length are invalid. in /var/www/app/vendor/illuminate/encryption/EncryptionServiceProvider.php:29
Stack trace:
#0 /var/www/app/vendor/illuminate/container/Container.php(733): Illuminate\Encryption\EncryptionServiceProvider->Illuminate\Encryption\{closure}(Object(Laravel\Lumen\Application), Array)
#1 /var/www/app/vendor/illuminate/container/Container.php(626): Illuminate\Container\Container->build(Object(Closure), Array)
#2 /var/www/app/vendor/laravel/lumen-framework/src/Application.php(413): Illuminate\Container\Container->make('encrypter', Array)
#3 /var/www/app/vendor/laravel/lumen-framework/src/Application.php(788): Laravel\Lumen\Application->make('encrypter')
#4 /var/www/app/vendor/laravel/lumen-framework/src/Application.php(543): Laravel\Lumen\Application->loadComponent('app', 'Illuminate\\Encr...', 'encrypter')
#5 /var/www/app/vendor/illuminate/container/Container.php(733): Laravel\Lumen\Application->Laravel\Lumen\{closure}(Object(Laravel\Lumen\Application), Array)
#6 /var/www/app/vendor/illuminate/container/Container.php(626): Illuminate\Container\Container->build(Object(Closure), Array)
#7 /var/www/app/vendor/laravel/lumen-framework/src/Application.php(413): Illuminate\Container\Container->make('encrypter', Array)
#8 /var/www/app/vendor/illuminate/container/Container.php(837): Laravel\Lumen\Application->make('Illuminate\\Cont...')
#9 /var/www/app/vendor/illuminate/container/Container.php(800): Illuminate\Container\Container->resolveClass(Object(ReflectionParameter))
#10 /var/www/app/vendor/illuminate/container/Container.php(769): Illuminate\Container\Container->getDependencies(Array, Array)
#11 /var/www/app/vendor/illuminate/container/Container.php(626): Illuminate\Container\Container->build('Illuminate\\Cook...', Array)
#12 /var/www/app/vendor/laravel/lumen-framework/src/Application.php(413): Illuminate\Container\Container->make('Illuminate\\Cook...', Array)
#13 /var/www/app/vendor/illuminate/pipeline/Pipeline.php(123): Laravel\Lumen\Application->make('Illuminate\\Cook...')
#14 [internal function]: Illuminate\Pipeline\Pipeline->Illuminate\Pipeline\{closure}(Object(Illuminate\Http\Request))
#15 /var/www/app/vendor/illuminate/pipeline/Pipeline.php(102): call_user_func(Object(Closure), Object(Illuminate\Http\Request))
#16 /var/www/app/vendor/laravel/lumen-framework/src/Application.php(1387): Illuminate\Pipeline\Pipeline->then(Object(Closure))
#17 /var/www/app/vendor/laravel/lumen-framework/src/Application.php(1164): Laravel\Lumen\Application->sendThroughPipeline(Array, Object(Closure))
#18 /var/www/app/vendor/laravel/lumen-framework/src/Application.php(1104): Laravel\Lumen\Application->dispatch(NULL)
#19 /var/www/app/public/index.php(28): Laravel\Lumen\Application->run()
#20 {main}  
[2016-08-30 01:06:00] lumen.ERROR: RuntimeException: No supported encrypter found. The cipher and / or key length are invalid. in /var/www/app/vendor/illuminate/encryption/EncryptionServiceProvider.php:29
Stack trace:
#0 /var/www/app/vendor/illuminate/container/Container.php(733): Illuminate\Encryption\EncryptionServiceProvider->Illuminate\Encryption\{closure}(Object(Laravel\Lumen\Application), Array)
#1 /var/www/app/vendor/illuminate/container/Container.php(626): Illuminate\Container\Container->build(Object(Closure), Array)
#2 /var/www/app/vendor/laravel/lumen-framework/src/Application.php(413): Illuminate\Container\Container->make('encrypter', Array)
#3 /var/www/app/vendor/illuminate/container/Container.php(837): Laravel\Lumen\Application->make('Illuminate\\Cont...')
#4 /var/www/app/vendor/illuminate/container/Container.php(800): Illuminate\Container\Container->resolveClass(Object(ReflectionParameter))
#5 /var/www/app/vendor/illuminate/container/Container.php(769): Illuminate\Container\Container->getDependencies(Array, Array)
#6 /var/www/app/vendor/illuminate/container/Container.php(626): Illuminate\Container\Container->build('Illuminate\\Cook...', Array)
#7 /var/www/app/vendor/laravel/lumen-framework/src/Application.php(413): Illuminate\Container\Container->make('Illuminate\\Cook...', Array)
#8 /var/www/app/vendor/laravel/lumen-framework/src/Application.php(1128): Laravel\Lumen\Application->make('Illuminate\\Cook...')
#9 /var/www/app/vendor/laravel/lumen-framework/src/Application.php(1113): Laravel\Lumen\Application->callTerminableMiddleware(Object(Symfony\Component\HttpFoundation\Response))
#10 /var/www/app/public/index.php(28): Laravel\Lumen\Application->run()
#11 {main}  
[2016-08-30 01:06:01] lumen.ERROR: RuntimeException: No supported encrypter found. The cipher and / or key length are invalid. in /var/www/app/vendor/illuminate/encryption/EncryptionServiceProvider.php:29
Stack trace:
#0 /var/www/app/vendor/illuminate/container/Container.php(733): Illuminate\Encryption\EncryptionServiceProvider->Illuminate\Encryption\{closure}(Object(Laravel\Lumen\Application), Array)
#1 /var/www/app/vendor/illuminate/container/Container.php(626): Illuminate\Container\Container->build(Object(Closure), Array)
#2 /var/www/app/vendor/laravel/lumen-framework/src/Application.php(413): Illuminate\Container\Container->make('encrypter', Array)
#3 /var/www/app/vendor/laravel/lumen-framework/src/Application.php(788): Laravel\Lumen\Application->make('encrypter')
#4 /var/www/app/vendor/laravel/lumen-framework/src/Application.php(543): Laravel\Lumen\Application->loadComponent('app', 'Illuminate\\Encr...', 'encrypter')
#5 /var/www/app/vendor/illuminate/container/Container.php(733): Laravel\Lumen\Application->Laravel\Lumen\{closure}(Object(Laravel\Lumen\Application), Array)
#6 /var/www/app/vendor/illuminate/container/Container.php(626): Illuminate\Container\Container->build(Object(Closure), Array)
#7 /var/www/app/vendor/laravel/lumen-framework/src/Application.php(413): Illuminate\Container\Container->make('encrypter', Array)
#8 /var/www/app/vendor/illuminate/container/Container.php(837): Laravel\Lumen\Application->make('Illuminate\\Cont...')
#9 /var/www/app/vendor/illuminate/container/Container.php(800): Illuminate\Container\Container->resolveClass(Object(ReflectionParameter))
#10 /var/www/app/vendor/illuminate/container/Container.php(769): Illuminate\Container\Container->getDependencies(Array, Array)
#11 /var/www/app/vendor/illuminate/container/Container.php(626): Illuminate\Container\Container->build('Illuminate\\Cook...', Array)
#12 /var/www/app/vendor/laravel/lumen-framework/src/Application.php(413): Illuminate\Container\Container->make('Illuminate\\Cook...', Array)
#13 /var/www/app/vendor/illuminate/pipeline/Pipeline.php(123): Laravel\Lumen\Application->make('Illuminate\\Cook...')
#14 [internal function]: Illuminate\Pipeline\Pipeline->Illuminate\Pipeline\{closure}(Object(Illuminate\Http\Request))
#15 /var/www/app/vendor/illuminate/pipeline/Pipeline.php(102): call_user_func(Object(Closure), Object(Illuminate\Http\Request))
#16 /var/www/app/vendor/laravel/lumen-framework/src/Application.php(1387): Illuminate\Pipeline\Pipeline->then(Object(Closure))
#17 /var/www/app/vendor/laravel/lumen-framework/src/Application.php(1164): Laravel\Lumen\Application->sendThroughPipeline(Array, Object(Closure))
#18 /var/www/app/vendor/laravel/lumen-framework/src/Application.php(1104): Laravel\Lumen\Application->dispatch(NULL)
#19 /var/www/app/public/index.php(28): Laravel\Lumen\Application->run()
#20 {main}  
[2016-08-30 01:06:01] lumen.ERROR: RuntimeException: No supported encrypter found. The cipher and / or key length are invalid. in /var/www/app/vendor/illuminate/encryption/EncryptionServiceProvider.php:29
Stack trace:
#0 /var/www/app/vendor/illuminate/container/Container.php(733): Illuminate\Encryption\EncryptionServiceProvider->Illuminate\Encryption\{closure}(Object(Laravel\Lumen\Application), Array)
#1 /var/www/app/vendor/illuminate/container/Container.php(626): Illuminate\Container\Container->build(Object(Closure), Array)
#2 /var/www/app/vendor/laravel/lumen-framework/src/Application.php(413): Illuminate\Container\Container->make('encrypter', Array)
#3 /var/www/app/vendor/illuminate/container/Container.php(837): Laravel\Lumen\Application->make('Illuminate\\Cont...')
#4 /var/www/app/vendor/illuminate/container/Container.php(800): Illuminate\Container\Container->resolveClass(Object(ReflectionParameter))
#5 /var/www/app/vendor/illuminate/container/Container.php(769): Illuminate\Container\Container->getDependencies(Array, Array)
#6 /var/www/app/vendor/illuminate/container/Container.php(626): Illuminate\Container\Container->build('Illuminate\\Cook...', Array)
#7 /var/www/app/vendor/laravel/lumen-framework/src/Application.php(413): Illuminate\Container\Container->make('Illuminate\\Cook...', Array)
#8 /var/www/app/vendor/laravel/lumen-framework/src/Application.php(1128): Laravel\Lumen\Application->make('Illuminate\\Cook...')
#9 /var/www/app/vendor/laravel/lumen-framework/src/Application.php(1113): Laravel\Lumen\Application->callTerminableMiddleware(Object(Symfony\Component\HttpFoundation\Response))
#10 /var/www/app/public/index.php(28): Laravel\Lumen\Application->run()
#11 {main}  
[2016-08-30 01:06:58] lumen.ERROR: RuntimeException: No supported encrypter found. The cipher and / or key length are invalid. in /var/www/app/vendor/illuminate/encryption/EncryptionServiceProvider.php:29
Stack trace:
#0 /var/www/app/vendor/illuminate/container/Container.php(733): Illuminate\Encryption\EncryptionServiceProvider->Illuminate\Encryption\{closure}(Object(Laravel\Lumen\Application), Array)
#1 /var/www/app/vendor/illuminate/container/Container.php(626): Illuminate\Container\Container->build(Object(Closure), Array)
#2 /var/www/app/vendor/laravel/lumen-framework/src/Application.php(413): Illuminate\Container\Container->make('encrypter', Array)
#3 /var/www/app/vendor/laravel/lumen-framework/src/Application.php(788): Laravel\Lumen\Application->make('encrypter')
#4 /var/www/app/vendor/laravel/lumen-framework/src/Application.php(543): Laravel\Lumen\Application->loadComponent('app', 'Illuminate\\Encr...', 'encrypter')
#5 /var/www/app/vendor/illuminate/container/Container.php(733): Laravel\Lumen\Application->Laravel\Lumen\{closure}(Object(Laravel\Lumen\Application), Array)
#6 /var/www/app/vendor/illuminate/container/Container.php(626): Illuminate\Container\Container->build(Object(Closure), Array)
#7 /var/www/app/vendor/laravel/lumen-framework/src/Application.php(413): Illuminate\Container\Container->make('encrypter', Array)
#8 /var/www/app/vendor/illuminate/container/Container.php(837): Laravel\Lumen\Application->make('Illuminate\\Cont...')
#9 /var/www/app/vendor/illuminate/container/Container.php(800): Illuminate\Container\Container->resolveClass(Object(ReflectionParameter))
#10 /var/www/app/vendor/illuminate/container/Container.php(769): Illuminate\Container\Container->getDependencies(Array, Array)
#11 /var/www/app/vendor/illuminate/container/Container.php(626): Illuminate\Container\Container->build('Illuminate\\Cook...', Array)
#12 /var/www/app/vendor/laravel/lumen-framework/src/Application.php(413): Illuminate\Container\Container->make('Illuminate\\Cook...', Array)
#13 /var/www/app/vendor/illuminate/pipeline/Pipeline.php(123): Laravel\Lumen\Application->make('Illuminate\\Cook...')
#14 [internal function]: Illuminate\Pipeline\Pipeline->Illuminate\Pipeline\{closure}(Object(Illuminate\Http\Request))
#15 /var/www/app/vendor/illuminate/pipeline/Pipeline.php(102): call_user_func(Object(Closure), Object(Illuminate\Http\Request))
#16 /var/www/app/vendor/laravel/lumen-framework/src/Application.php(1387): Illuminate\Pipeline\Pipeline->then(Object(Closure))
#17 /var/www/app/vendor/laravel/lumen-framework/src/Application.php(1164): Laravel\Lumen\Application->sendThroughPipeline(Array, Object(Closure))
#18 /var/www/app/vendor/laravel/lumen-framework/src/Application.php(1104): Laravel\Lumen\Application->dispatch(NULL)
#19 /var/www/app/public/index.php(28): Laravel\Lumen\Application->run()
#20 {main}  
[2016-08-30 01:06:58] lumen.ERROR: RuntimeException: No supported encrypter found. The cipher and / or key length are invalid. in /var/www/app/vendor/illuminate/encryption/EncryptionServiceProvider.php:29
Stack trace:
#0 /var/www/app/vendor/illuminate/container/Container.php(733): Illuminate\Encryption\EncryptionServiceProvider->Illuminate\Encryption\{closure}(Object(Laravel\Lumen\Application), Array)
#1 /var/www/app/vendor/illuminate/container/Container.php(626): Illuminate\Container\Container->build(Object(Closure), Array)
#2 /var/www/app/vendor/laravel/lumen-framework/src/Application.php(413): Illuminate\Container\Container->make('encrypter', Array)
#3 /var/www/app/vendor/illuminate/container/Container.php(837): Laravel\Lumen\Application->make('Illuminate\\Cont...')
#4 /var/www/app/vendor/illuminate/container/Container.php(800): Illuminate\Container\Container->resolveClass(Object(ReflectionParameter))
#5 /var/www/app/vendor/illuminate/container/Container.php(769): Illuminate\Container\Container->getDependencies(Array, Array)
#6 /var/www/app/vendor/illuminate/container/Container.php(626): Illuminate\Container\Container->build('Illuminate\\Cook...', Array)
#7 /var/www/app/vendor/laravel/lumen-framework/src/Application.php(413): Illuminate\Container\Container->make('Illuminate\\Cook...', Array)
#8 /var/www/app/vendor/laravel/lumen-framework/src/Application.php(1128): Laravel\Lumen\Application->make('Illuminate\\Cook...')
#9 /var/www/app/vendor/laravel/lumen-framework/src/Application.php(1113): Laravel\Lumen\Application->callTerminableMiddleware(Object(Symfony\Component\HttpFoundation\Response))
#10 /var/www/app/public/index.php(28): Laravel\Lumen\Application->run()
#11 {main}  
[2016-08-30 01:06:59] lumen.ERROR: RuntimeException: No supported encrypter found. The cipher and / or key length are invalid. in /var/www/app/vendor/illuminate/encryption/EncryptionServiceProvider.php:29
Stack trace:
#0 /var/www/app/vendor/illuminate/container/Container.php(733): Illuminate\Encryption\EncryptionServiceProvider->Illuminate\Encryption\{closure}(Object(Laravel\Lumen\Application), Array)
#1 /var/www/app/vendor/illuminate/container/Container.php(626): Illuminate\Container\Container->build(Object(Closure), Array)
#2 /var/www/app/vendor/laravel/lumen-framework/src/Application.php(413): Illuminate\Container\Container->make('encrypter', Array)
#3 /var/www/app/vendor/laravel/lumen-framework/src/Application.php(788): Laravel\Lumen\Application->make('encrypter')
#4 /var/www/app/vendor/laravel/lumen-framework/src/Application.php(543): Laravel\Lumen\Application->loadComponent('app', 'Illuminate\\Encr...', 'encrypter')
#5 /var/www/app/vendor/illuminate/container/Container.php(733): Laravel\Lumen\Application->Laravel\Lumen\{closure}(Object(Laravel\Lumen\Application), Array)
#6 /var/www/app/vendor/illuminate/container/Container.php(626): Illuminate\Container\Container->build(Object(Closure), Array)
#7 /var/www/app/vendor/laravel/lumen-framework/src/Application.php(413): Illuminate\Container\Container->make('encrypter', Array)
#8 /var/www/app/vendor/illuminate/container/Container.php(837): Laravel\Lumen\Application->make('Illuminate\\Cont...')
#9 /var/www/app/vendor/illuminate/container/Container.php(800): Illuminate\Container\Container->resolveClass(Object(ReflectionParameter))
#10 /var/www/app/vendor/illuminate/container/Container.php(769): Illuminate\Container\Container->getDependencies(Array, Array)
#11 /var/www/app/vendor/illuminate/container/Container.php(626): Illuminate\Container\Container->build('Illuminate\\Cook...', Array)
#12 /var/www/app/vendor/laravel/lumen-framework/src/Application.php(413): Illuminate\Container\Container->make('Illuminate\\Cook...', Array)
#13 /var/www/app/vendor/illuminate/pipeline/Pipeline.php(123): Laravel\Lumen\Application->make('Illuminate\\Cook...')
#14 [internal function]: Illuminate\Pipeline\Pipeline->Illuminate\Pipeline\{closure}(Object(Illuminate\Http\Request))
#15 /var/www/app/vendor/illuminate/pipeline/Pipeline.php(102): call_user_func(Object(Closure), Object(Illuminate\Http\Request))
#16 /var/www/app/vendor/laravel/lumen-framework/src/Application.php(1387): Illuminate\Pipeline\Pipeline->then(Object(Closure))
#17 /var/www/app/vendor/laravel/lumen-framework/src/Application.php(1164): Laravel\Lumen\Application->sendThroughPipeline(Array, Object(Closure))
#18 /var/www/app/vendor/laravel/lumen-framework/src/Application.php(1104): Laravel\Lumen\Application->dispatch(NULL)
#19 /var/www/app/public/index.php(28): Laravel\Lumen\Application->run()
#20 {main}  
[2016-08-30 01:06:59] lumen.ERROR: RuntimeException: No supported encrypter found. The cipher and / or key length are invalid. in /var/www/app/vendor/illuminate/encryption/EncryptionServiceProvider.php:29
Stack trace:
#0 /var/www/app/vendor/illuminate/container/Container.php(733): Illuminate\Encryption\EncryptionServiceProvider->Illuminate\Encryption\{closure}(Object(Laravel\Lumen\Application), Array)
#1 /var/www/app/vendor/illuminate/container/Container.php(626): Illuminate\Container\Container->build(Object(Closure), Array)
#2 /var/www/app/vendor/laravel/lumen-framework/src/Application.php(413): Illuminate\Container\Container->make('encrypter', Array)
#3 /var/www/app/vendor/illuminate/container/Container.php(837): Laravel\Lumen\Application->make('Illuminate\\Cont...')
#4 /var/www/app/vendor/illuminate/container/Container.php(800): Illuminate\Container\Container->resolveClass(Object(ReflectionParameter))
#5 /var/www/app/vendor/illuminate/container/Container.php(769): Illuminate\Container\Container->getDependencies(Array, Array)
#6 /var/www/app/vendor/illuminate/container/Container.php(626): Illuminate\Container\Container->build('Illuminate\\Cook...', Array)
#7 /var/www/app/vendor/laravel/lumen-framework/src/Application.php(413): Illuminate\Container\Container->make('Illuminate\\Cook...', Array)
#8 /var/www/app/vendor/laravel/lumen-framework/src/Application.php(1128): Laravel\Lumen\Application->make('Illuminate\\Cook...')
#9 /var/www/app/vendor/laravel/lumen-framework/src/Application.php(1113): Laravel\Lumen\Application->callTerminableMiddleware(Object(Symfony\Component\HttpFoundation\Response))
#10 /var/www/app/public/index.php(28): Laravel\Lumen\Application->run()
#11 {main}  
[2016-08-30 01:07:00] lumen.ERROR: RuntimeException: No supported encrypter found. The cipher and / or key length are invalid. in /var/www/app/vendor/illuminate/encryption/EncryptionServiceProvider.php:29
Stack trace:
#0 /var/www/app/vendor/illuminate/container/Container.php(733): Illuminate\Encryption\EncryptionServiceProvider->Illuminate\Encryption\{closure}(Object(Laravel\Lumen\Application), Array)
#1 /var/www/app/vendor/illuminate/container/Container.php(626): Illuminate\Container\Container->build(Object(Closure), Array)
#2 /var/www/app/vendor/laravel/lumen-framework/src/Application.php(413): Illuminate\Container\Container->make('encrypter', Array)
#3 /var/www/app/vendor/laravel/lumen-framework/src/Application.php(788): Laravel\Lumen\Application->make('encrypter')
#4 /var/www/app/vendor/laravel/lumen-framework/src/Application.php(543): Laravel\Lumen\Application->loadComponent('app', 'Illuminate\\Encr...', 'encrypter')
#5 /var/www/app/vendor/illuminate/container/Container.php(733): Laravel\Lumen\Application->Laravel\Lumen\{closure}(Object(Laravel\Lumen\Application), Array)
#6 /var/www/app/vendor/illuminate/container/Container.php(626): Illuminate\Container\Container->build(Object(Closure), Array)
#7 /var/www/app/vendor/laravel/lumen-framework/src/Application.php(413): Illuminate\Container\Container->make('encrypter', Array)
#8 /var/www/app/vendor/illuminate/container/Container.php(837): Laravel\Lumen\Application->make('Illuminate\\Cont...')
#9 /var/www/app/vendor/illuminate/container/Container.php(800): Illuminate\Container\Container->resolveClass(Object(ReflectionParameter))
#10 /var/www/app/vendor/illuminate/container/Container.php(769): Illuminate\Container\Container->getDependencies(Array, Array)
#11 /var/www/app/vendor/illuminate/container/Container.php(626): Illuminate\Container\Container->build('Illuminate\\Cook...', Array)
#12 /var/www/app/vendor/laravel/lumen-framework/src/Application.php(413): Illuminate\Container\Container->make('Illuminate\\Cook...', Array)
#13 /var/www/app/vendor/illuminate/pipeline/Pipeline.php(123): Laravel\Lumen\Application->make('Illuminate\\Cook...')
#14 [internal function]: Illuminate\Pipeline\Pipeline->Illuminate\Pipeline\{closure}(Object(Illuminate\Http\Request))
#15 /var/www/app/vendor/illuminate/pipeline/Pipeline.php(102): call_user_func(Object(Closure), Object(Illuminate\Http\Request))
#16 /var/www/app/vendor/laravel/lumen-framework/src/Application.php(1387): Illuminate\Pipeline\Pipeline->then(Object(Closure))
#17 /var/www/app/vendor/laravel/lumen-framework/src/Application.php(1164): Laravel\Lumen\Application->sendThroughPipeline(Array, Object(Closure))
#18 /var/www/app/vendor/laravel/lumen-framework/src/Application.php(1104): Laravel\Lumen\Application->dispatch(NULL)
#19 /var/www/app/public/index.php(28): Laravel\Lumen\Application->run()
#20 {main}  
[2016-08-30 01:07:00] lumen.ERROR: RuntimeException: No supported encrypter found. The cipher and / or key length are invalid. in /var/www/app/vendor/illuminate/encryption/EncryptionServiceProvider.php:29
Stack trace:
#0 /var/www/app/vendor/illuminate/container/Container.php(733): Illuminate\Encryption\EncryptionServiceProvider->Illuminate\Encryption\{closure}(Object(Laravel\Lumen\Application), Array)
#1 /var/www/app/vendor/illuminate/container/Container.php(626): Illuminate\Container\Container->build(Object(Closure), Array)
#2 /var/www/app/vendor/laravel/lumen-framework/src/Application.php(413): Illuminate\Container\Container->make('encrypter', Array)
#3 /var/www/app/vendor/illuminate/container/Container.php(837): Laravel\Lumen\Application->make('Illuminate\\Cont...')
#4 /var/www/app/vendor/illuminate/container/Container.php(800): Illuminate\Container\Container->resolveClass(Object(ReflectionParameter))
#5 /var/www/app/vendor/illuminate/container/Container.php(769): Illuminate\Container\Container->getDependencies(Array, Array)
#6 /var/www/app/vendor/illuminate/container/Container.php(626): Illuminate\Container\Container->build('Illuminate\\Cook...', Array)
#7 /var/www/app/vendor/laravel/lumen-framework/src/Application.php(413): Illuminate\Container\Container->make('Illuminate\\Cook...', Array)
#8 /var/www/app/vendor/laravel/lumen-framework/src/Application.php(1128): Laravel\Lumen\Application->make('Illuminate\\Cook...')
#9 /var/www/app/vendor/laravel/lumen-framework/src/Application.php(1113): Laravel\Lumen\Application->callTerminableMiddleware(Object(Symfony\Component\HttpFoundation\Response))
#10 /var/www/app/public/index.php(28): Laravel\Lumen\Application->run()
#11 {main}  
[2016-08-30 01:07:00] lumen.ERROR: RuntimeException: No supported encrypter found. The cipher and / or key length are invalid. in /var/www/app/vendor/illuminate/encryption/EncryptionServiceProvider.php:29
Stack trace:
#0 /var/www/app/vendor/illuminate/container/Container.php(733): Illuminate\Encryption\EncryptionServiceProvider->Illuminate\Encryption\{closure}(Object(Laravel\Lumen\Application), Array)
#1 /var/www/app/vendor/illuminate/container/Container.php(626): Illuminate\Container\Container->build(Object(Closure), Array)
#2 /var/www/app/vendor/laravel/lumen-framework/src/Application.php(413): Illuminate\Container\Container->make('encrypter', Array)
#3 /var/www/app/vendor/laravel/lumen-framework/src/Application.php(788): Laravel\Lumen\Application->make('encrypter')
#4 /var/www/app/vendor/laravel/lumen-framework/src/Application.php(543): Laravel\Lumen\Application->loadComponent('app', 'Illuminate\\Encr...', 'encrypter')
#5 /var/www/app/vendor/illuminate/container/Container.php(733): Laravel\Lumen\Application->Laravel\Lumen\{closure}(Object(Laravel\Lumen\Application), Array)
#6 /var/www/app/vendor/illuminate/container/Container.php(626): Illuminate\Container\Container->build(Object(Closure), Array)
#7 /var/www/app/vendor/laravel/lumen-framework/src/Application.php(413): Illuminate\Container\Container->make('encrypter', Array)
#8 /var/www/app/vendor/illuminate/container/Container.php(837): Laravel\Lumen\Application->make('Illuminate\\Cont...')
#9 /var/www/app/vendor/illuminate/container/Container.php(800): Illuminate\Container\Container->resolveClass(Object(ReflectionParameter))
#10 /var/www/app/vendor/illuminate/container/Container.php(769): Illuminate\Container\Container->getDependencies(Array, Array)
#11 /var/www/app/vendor/illuminate/container/Container.php(626): Illuminate\Container\Container->build('Illuminate\\Cook...', Array)
#12 /var/www/app/vendor/laravel/lumen-framework/src/Application.php(413): Illuminate\Container\Container->make('Illuminate\\Cook...', Array)
#13 /var/www/app/vendor/illuminate/pipeline/Pipeline.php(123): Laravel\Lumen\Application->make('Illuminate\\Cook...')
#14 [internal function]: Illuminate\Pipeline\Pipeline->Illuminate\Pipeline\{closure}(Object(Illuminate\Http\Request))
#15 /var/www/app/vendor/illuminate/pipeline/Pipeline.php(102): call_user_func(Object(Closure), Object(Illuminate\Http\Request))
#16 /var/www/app/vendor/laravel/lumen-framework/src/Application.php(1387): Illuminate\Pipeline\Pipeline->then(Object(Closure))
#17 /var/www/app/vendor/laravel/lumen-framework/src/Application.php(1164): Laravel\Lumen\Application->sendThroughPipeline(Array, Object(Closure))
#18 /var/www/app/vendor/laravel/lumen-framework/src/Application.php(1104): Laravel\Lumen\Application->dispatch(NULL)
#19 /var/www/app/public/index.php(28): Laravel\Lumen\Application->run()
#20 {main}  
[2016-08-30 01:07:00] lumen.ERROR: RuntimeException: No supported encrypter found. The cipher and / or key length are invalid. in /var/www/app/vendor/illuminate/encryption/EncryptionServiceProvider.php:29
Stack trace:
#0 /var/www/app/vendor/illuminate/container/Container.php(733): Illuminate\Encryption\EncryptionServiceProvider->Illuminate\Encryption\{closure}(Object(Laravel\Lumen\Application), Array)
#1 /var/www/app/vendor/illuminate/container/Container.php(626): Illuminate\Container\Container->build(Object(Closure), Array)
#2 /var/www/app/vendor/laravel/lumen-framework/src/Application.php(413): Illuminate\Container\Container->make('encrypter', Array)
#3 /var/www/app/vendor/illuminate/container/Container.php(837): Laravel\Lumen\Application->make('Illuminate\\Cont...')
#4 /var/www/app/vendor/illuminate/container/Container.php(800): Illuminate\Container\Container->resolveClass(Object(ReflectionParameter))
#5 /var/www/app/vendor/illuminate/container/Container.php(769): Illuminate\Container\Container->getDependencies(Array, Array)
#6 /var/www/app/vendor/illuminate/container/Container.php(626): Illuminate\Container\Container->build('Illuminate\\Cook...', Array)
#7 /var/www/app/vendor/laravel/lumen-framework/src/Application.php(413): Illuminate\Container\Container->make('Illuminate\\Cook...', Array)
#8 /var/www/app/vendor/laravel/lumen-framework/src/Application.php(1128): Laravel\Lumen\Application->make('Illuminate\\Cook...')
#9 /var/www/app/vendor/laravel/lumen-framework/src/Application.php(1113): Laravel\Lumen\Application->callTerminableMiddleware(Object(Symfony\Component\HttpFoundation\Response))
#10 /var/www/app/public/index.php(28): Laravel\Lumen\Application->run()
#11 {main}  
[2016-08-30 01:07:05] lumen.ERROR: ErrorException: Undefined index: team in /var/www/app/app/Services/SlackStatusService.php:87
Stack trace:
#0 /var/www/app/app/Services/SlackStatusService.php(87): Laravel\Lumen\Application->Laravel\Lumen\{closure}(8, 'Undefined index...', '/var/www/app/ap...', 87, Array)
#1 /var/www/app/app/Services/SlackStatusService.php(72): App\Services\SlackStatusService->refreshTeamInfo()
#2 /var/www/app/app/Http/Controllers/IndexController.php(42): App\Services\SlackStatusService->getTeamInfo()
#3 [internal function]: App\Http\Controllers\IndexController->getIndex()
#4 /var/www/app/vendor/illuminate/container/Container.php(502): call_user_func_array(Array, Array)
#5 /var/www/app/vendor/laravel/lumen-framework/src/Application.php(1348): Illuminate\Container\Container->call(Array, Array)
#6 /var/www/app/vendor/laravel/lumen-framework/src/Application.php(1312): Laravel\Lumen\Application->callControllerCallable(Array, Array)
#7 /var/www/app/vendor/laravel/lumen-framework/src/Application.php(1284): Laravel\Lumen\Application->callLumenController(Object(App\Http\Controllers\IndexController), 'getIndex', Array)
#8 /var/www/app/vendor/laravel/lumen-framework/src/Application.php(1252): Laravel\Lumen\Application->callControllerAction(Array)
#9 /var/www/app/vendor/laravel/lumen-framework/src/Application.php(1237): Laravel\Lumen\Application->callActionOnArrayBasedRoute(Array)
#10 /var/www/app/vendor/laravel/lumen-framework/src/Application.php(1158): Laravel\Lumen\Application->handleFoundRoute(Array)
#11 [internal function]: Laravel\Lumen\Application->Laravel\Lumen\{closure}(Object(Illuminate\Http\Request))
#12 /var/www/app/vendor/illuminate/pipeline/Pipeline.php(139): call_user_func(Object(Closure), Object(Illuminate\Http\Request))
#13 /var/www/app/vendor/laravel/lumen-framework/src/Http/Middleware/VerifyCsrfToken.php(42): Illuminate\Pipeline\Pipeline->Illuminate\Pipeline\{closure}(Object(Illuminate\Http\Request))
#14 [internal function]: Laravel\Lumen\Http\Middleware\VerifyCsrfToken->handle(Object(Illuminate\Http\Request), Object(Closure))
#15 /var/www/app/vendor/illuminate/pipeline/Pipeline.php(124): call_user_func_array(Array, Array)
#16 /var/www/app/vendor/illuminate/view/Middleware/ShareErrorsFromSession.php(54): Illuminate\Pipeline\Pipeline->Illuminate\Pipeline\{closure}(Object(Illuminate\Http\Request))
#17 [internal function]: Illuminate\View\Middleware\ShareErrorsFromSession->handle(Object(Illuminate\Http\Request), Object(Closure))
#18 /var/www/app/vendor/illuminate/pipeline/Pipeline.php(124): call_user_func_array(Array, Array)
#19 /var/www/app/vendor/illuminate/session/Middleware/StartSession.php(62): Illuminate\Pipeline\Pipeline->Illuminate\Pipeline\{closure}(Object(Illuminate\Http\Request))
#20 [internal function]: Illuminate\Session\Middleware\StartSession->handle(Object(Illuminate\Http\Request), Object(Closure))
#21 /var/www/app/vendor/illuminate/pipeline/Pipeline.php(124): call_user_func_array(Array, Array)
#22 /var/www/app/vendor/illuminate/cookie/Middleware/AddQueuedCookiesToResponse.php(37): Illuminate\Pipeline\Pipeline->Illuminate\Pipeline\{closure}(Object(Illuminate\Http\Request))
#23 [internal function]: Illuminate\Cookie\Middleware\AddQueuedCookiesToResponse->handle(Object(Illuminate\Http\Request), Object(Closure))
#24 /var/www/app/vendor/illuminate/pipeline/Pipeline.php(124): call_user_func_array(Array, Array)
#25 /var/www/app/vendor/illuminate/cookie/Middleware/EncryptCookies.php(59): Illuminate\Pipeline\Pipeline->Illuminate\Pipeline\{closure}(Object(Illuminate\Http\Request))
#26 [internal function]: Illuminate\Cookie\Middleware\EncryptCookies->handle(Object(Illuminate\Http\Request), Object(Closure))
#27 /var/www/app/vendor/illuminate/pipeline/Pipeline.php(124): call_user_func_array(Array, Array)
#28 [internal function]: Illuminate\Pipeline\Pipeline->Illuminate\Pipeline\{closure}(Object(Illuminate\Http\Request))
#29 /var/www/app/vendor/illuminate/pipeline/Pipeline.php(102): call_user_func(Object(Closure), Object(Illuminate\Http\Request))
#30 /var/www/app/vendor/laravel/lumen-framework/src/Application.php(1387): Illuminate\Pipeline\Pipeline->then(Object(Closure))
#31 /var/www/app/vendor/laravel/lumen-framework/src/Application.php(1164): Laravel\Lumen\Application->sendThroughPipeline(Array, Object(Closure))
#32 /var/www/app/vendor/laravel/lumen-framework/src/Application.php(1104): Laravel\Lumen\Application->dispatch(NULL)
#33 /var/www/app/public/index.php(28): Laravel\Lumen\Application->run()
#34 {main}  
[2016-08-30 01:07:45] lumen.ERROR: Predis\Connection\ConnectionException: Connection refused [tcp://127.0.0.1:6379] in /var/www/app/vendor/predis/predis/src/Connection/AbstractConnection.php:146
Stack trace:
#0 /var/www/app/vendor/predis/predis/src/Connection/StreamConnection.php(85): Predis\Connection\AbstractConnection->onConnectionError('Connection refu...', 111)
#1 /var/www/app/vendor/predis/predis/src/Connection/StreamConnection.php(56): Predis\Connection\StreamConnection->tcpStreamInitializer(Object(Predis\Connection\Parameters))
#2 /var/www/app/vendor/predis/predis/src/Connection/AbstractConnection.php(95): Predis\Connection\StreamConnection->createResource()
#3 /var/www/app/vendor/predis/predis/src/Connection/StreamConnection.php(142): Predis\Connection\AbstractConnection->connect()
#4 /var/www/app/vendor/predis/predis/src/Connection/AbstractConnection.php(175): Predis\Connection\StreamConnection->connect()
#5 /var/www/app/vendor/predis/predis/src/Connection/StreamConnection.php(168): Predis\Connection\AbstractConnection->getResource()
#6 /var/www/app/vendor/predis/predis/src/Connection/StreamConnection.php(274): Predis\Connection\StreamConnection->write('*2\r\n$3\r\nGET\r\n$4...')
#7 /var/www/app/vendor/predis/predis/src/Connection/AbstractConnection.php(124): Predis\Connection\StreamConnection->writeRequest(Object(Predis\Command\StringGet))
#8 /var/www/app/vendor/predis/predis/src/Client.php(328): Predis\Connection\AbstractConnection->executeCommand(Object(Predis\Command\StringGet))
#9 /var/www/app/vendor/predis/predis/src/Client.php(311): Predis\Client->executeCommand(Object(Predis\Command\StringGet))
#10 /var/www/app/vendor/illuminate/cache/RedisStore.php(54): Predis\Client->__call('get', Array)
#11 /var/www/app/vendor/illuminate/cache/Repository.php(97): Illuminate\Cache\RedisStore->get('f410fc54ec36820...')
#12 /var/www/app/vendor/illuminate/session/CacheBasedSessionHandler.php(58): Illuminate\Cache\Repository->get('f410fc54ec36820...', '')
#13 /var/www/app/vendor/illuminate/session/Store.php(124): Illuminate\Session\CacheBasedSessionHandler->read('f410fc54ec36820...')
#14 /var/www/app/vendor/illuminate/session/Store.php(108): Illuminate\Session\Store->readFromHandler()
#15 /var/www/app/vendor/illuminate/session/Store.php(92): Illuminate\Session\Store->loadSession()
#16 /var/www/app/vendor/illuminate/session/Middleware/StartSession.php(102): Illuminate\Session\Store->start()
#17 /var/www/app/vendor/illuminate/session/Middleware/StartSession.php(57): Illuminate\Session\Middleware\StartSession->startSession(Object(Illuminate\Http\Request))
#18 [internal function]: Illuminate\Session\Middleware\StartSession->handle(Object(Illuminate\Http\Request), Object(Closure))
#19 /var/www/app/vendor/illuminate/pipeline/Pipeline.php(124): call_user_func_array(Array, Array)
#20 /var/www/app/vendor/illuminate/cookie/Middleware/AddQueuedCookiesToResponse.php(37): Illuminate\Pipeline\Pipeline->Illuminate\Pipeline\{closure}(Object(Illuminate\Http\Request))
#21 [internal function]: Illuminate\Cookie\Middleware\AddQueuedCookiesToResponse->handle(Object(Illuminate\Http\Request), Object(Closure))
#22 /var/www/app/vendor/illuminate/pipeline/Pipeline.php(124): call_user_func_array(Array, Array)
#23 /var/www/app/vendor/illuminate/cookie/Middleware/EncryptCookies.php(59): Illuminate\Pipeline\Pipeline->Illuminate\Pipeline\{closure}(Object(Illuminate\Http\Request))
#24 [internal function]: Illuminate\Cookie\Middleware\EncryptCookies->handle(Object(Illuminate\Http\Request), Object(Closure))
#25 /var/www/app/vendor/illuminate/pipeline/Pipeline.php(124): call_user_func_array(Array, Array)
#26 [internal function]: Illuminate\Pipeline\Pipeline->Illuminate\Pipeline\{closure}(Object(Illuminate\Http\Request))
#27 /var/www/app/vendor/illuminate/pipeline/Pipeline.php(102): call_user_func(Object(Closure), Object(Illuminate\Http\Request))
#28 /var/www/app/vendor/laravel/lumen-framework/src/Application.php(1387): Illuminate\Pipeline\Pipeline->then(Object(Closure))
#29 /var/www/app/vendor/laravel/lumen-framework/src/Application.php(1164): Laravel\Lumen\Application->sendThroughPipeline(Array, Object(Closure))
#30 /var/www/app/vendor/laravel/lumen-framework/src/Application.php(1104): Laravel\Lumen\Application->dispatch(NULL)
#31 /var/www/app/public/index.php(28): Laravel\Lumen\Application->run()
#32 {main}  
[2016-08-30 01:07:45] lumen.ERROR: ErrorException: Undefined index: _sf2_meta in /var/www/app/vendor/illuminate/session/Store.php:286
Stack trace:
#0 /var/www/app/vendor/illuminate/session/Store.php(286): Laravel\Lumen\Application->Laravel\Lumen\{closure}(8, 'Undefined index...', '/var/www/app/ve...', 286, Array)
#1 /var/www/app/vendor/illuminate/session/Store.php(258): Illuminate\Session\Store->addBagDataToSession()
#2 /var/www/app/vendor/illuminate/session/Middleware/StartSession.php(88): Illuminate\Session\Store->save()
#3 /var/www/app/vendor/laravel/lumen-framework/src/Application.php(1131): Illuminate\Session\Middleware\StartSession->terminate(Object(Illuminate\Http\Request), Object(Symfony\Component\HttpFoundation\Response))
#4 /var/www/app/vendor/laravel/lumen-framework/src/Application.php(1113): Laravel\Lumen\Application->callTerminableMiddleware(Object(Symfony\Component\HttpFoundation\Response))
#5 /var/www/app/public/index.php(28): Laravel\Lumen\Application->run()
#6 {main}  
